<?xml version="1.0" encoding="UTF-8"?>
<testsuite xmlns:xsi="http://www.w3.org/2001/XMLSchema-instance" xsi:noNamespaceSchemaLocation="https://maven.apache.org/surefire/maven-surefire-plugin/xsd/surefire-test-report.xsd" name="com.adobe.aem.guides.wknd.core.filters.LoggingFilterTest" time="5.311" tests="1" errors="0" skipped="0" failures="0">
  <properties>
    <property name="awt.toolkit" value="sun.awt.X11.XToolkit"/>
    <property name="file.encoding.pkg" value="sun.io"/>
    <property name="java.specification.version" value="1.8"/>
    <property name="sun.cpu.isalist" value=""/>
    <property name="sun.jnu.encoding" value="UTF-8"/>
    <property name="java.class.path" value="/home/pengwin/.m2/repository/org/apache/maven/surefire/surefire-booter/2.22.1/surefire-booter-2.22.1.jar:/home/pengwin/.m2/repository/org/apache/maven/surefire/surefire-api/2.22.1/surefire-api-2.22.1.jar:/home/pengwin/.m2/repository/org/apache/maven/surefire/surefire-logger-api/2.22.1/surefire-logger-api-2.22.1.jar:/mnt/c/Users/nosasaki/dev/work/0723/aem-guides-wknd/core/target/test-classes:/mnt/c/Users/nosasaki/dev/work/0723/aem-guides-wknd/core/target/classes:/home/pengwin/.m2/repository/org/osgi/org.osgi.annotation.versioning/1.1.0/org.osgi.annotation.versioning-1.1.0.jar:/home/pengwin/.m2/repository/org/osgi/org.osgi.annotation.bundle/1.0.0/org.osgi.annotation.bundle-1.0.0.jar:/home/pengwin/.m2/repository/org/osgi/org.osgi.service.metatype.annotations/1.4.0/org.osgi.service.metatype.annotations-1.4.0.jar:/home/pengwin/.m2/repository/org/osgi/org.osgi.service.component.annotations/1.4.0/org.osgi.service.component.annotations-1.4.0.jar:/home/pengwin/.m2/repository/org/osgi/org.osgi.service.component/1.4.0/org.osgi.service.component-1.4.0.jar:/home/pengwin/.m2/repository/org/osgi/org.osgi.service.cm/1.6.0/org.osgi.service.cm-1.6.0.jar:/home/pengwin/.m2/repository/org/osgi/org.osgi.service.event/1.3.1/org.osgi.service.event-1.3.1.jar:/home/pengwin/.m2/repository/org/osgi/org.osgi.service.log/1.4.0/org.osgi.service.log-1.4.0.jar:/home/pengwin/.m2/repository/org/osgi/org.osgi.framework/1.9.0/org.osgi.framework-1.9.0.jar:/home/pengwin/.m2/repository/org/osgi/org.osgi.resource/1.0.0/org.osgi.resource-1.0.0.jar:/home/pengwin/.m2/repository/org/slf4j/slf4j-api/1.7.21/slf4j-api-1.7.21.jar:/home/pengwin/.m2/repository/javax/jcr/jcr/2.0/jcr-2.0.jar:/home/pengwin/.m2/repository/javax/servlet/javax.servlet-api/3.1.0/javax.servlet-api-3.1.0.jar:/home/pengwin/.m2/repository/javax/annotation/javax.annotation-api/1.3.2/javax.annotation-api-1.3.2.jar:/home/pengwin/.m2/repository/com/adobe/aem/uber-jar/6.5.0/uber-jar-6.5.0-apis.jar:/home/pengwin/.m2/repository/org/apache/sling/org.apache.sling.models.api/1.3.6/org.apache.sling.models.api-1.3.6.jar:/home/pengwin/.m2/repository/org/junit/jupiter/junit-jupiter/5.4.1/junit-jupiter-5.4.1.jar:/home/pengwin/.m2/repository/org/junit/jupiter/junit-jupiter-api/5.4.1/junit-jupiter-api-5.4.1.jar:/home/pengwin/.m2/repository/org/apiguardian/apiguardian-api/1.0.0/apiguardian-api-1.0.0.jar:/home/pengwin/.m2/repository/org/opentest4j/opentest4j/1.1.1/opentest4j-1.1.1.jar:/home/pengwin/.m2/repository/org/junit/platform/junit-platform-commons/1.4.1/junit-platform-commons-1.4.1.jar:/home/pengwin/.m2/repository/org/junit/jupiter/junit-jupiter-params/5.4.1/junit-jupiter-params-5.4.1.jar:/home/pengwin/.m2/repository/org/junit/jupiter/junit-jupiter-engine/5.4.1/junit-jupiter-engine-5.4.1.jar:/home/pengwin/.m2/repository/org/junit/platform/junit-platform-engine/1.4.1/junit-platform-engine-1.4.1.jar:/home/pengwin/.m2/repository/org/mockito/mockito-core/2.25.1/mockito-core-2.25.1.jar:/home/pengwin/.m2/repository/net/bytebuddy/byte-buddy/1.9.7/byte-buddy-1.9.7.jar:/home/pengwin/.m2/repository/net/bytebuddy/byte-buddy-agent/1.9.7/byte-buddy-agent-1.9.7.jar:/home/pengwin/.m2/repository/org/objenesis/objenesis/2.6/objenesis-2.6.jar:/home/pengwin/.m2/repository/org/mockito/mockito-junit-jupiter/2.25.1/mockito-junit-jupiter-2.25.1.jar:/home/pengwin/.m2/repository/junit-addons/junit-addons/1.4/junit-addons-1.4.jar:/home/pengwin/.m2/repository/junit/junit/3.8.1/junit-3.8.1.jar:/home/pengwin/.m2/repository/xerces/xercesImpl/2.6.2/xercesImpl-2.6.2.jar:/home/pengwin/.m2/repository/xerces/xmlParserAPIs/2.6.2/xmlParserAPIs-2.6.2.jar:/home/pengwin/.m2/repository/io/wcm/io.wcm.testing.aem-mock.junit5/2.5.2/io.wcm.testing.aem-mock.junit5-2.5.2.jar:/home/pengwin/.m2/repository/io/wcm/io.wcm.testing.aem-mock.core/2.5.2/io.wcm.testing.aem-mock.core-2.5.2.jar:/home/pengwin/.m2/repository/org/apache/sling/org.apache.sling.api/2.11.0/org.apache.sling.api-2.11.0.jar:/home/pengwin/.m2/repository/org/apache/jackrabbit/jackrabbit-jcr-commons/2.12.1/jackrabbit-jcr-commons-2.12.1.jar:/home/pengwin/.m2/repository/org/apache/sling/org.apache.sling.commons.osgi/2.4.0/org.apache.sling.commons.osgi-2.4.0.jar:/home/pengwin/.m2/repository/org/apache/sling/org.apache.sling.resourceresolver/1.4.8/org.apache.sling.resourceresolver-1.4.8.jar:/home/pengwin/.m2/repository/org/apache/sling/org.apache.sling.serviceusermapper/1.2.2/org.apache.sling.serviceusermapper-1.2.2.jar:/home/pengwin/.m2/repository/org/apache/sling/org.apache.sling.jcr.api/2.3.0/org.apache.sling.jcr.api-2.3.0.jar:/home/pengwin/.m2/repository/org/apache/sling/org.apache.sling.jcr.resource/2.7.4/org.apache.sling.jcr.resource-2.7.4.jar:/home/pengwin/.m2/repository/org/apache/sling/org.apache.sling.commons.mime/2.1.8/org.apache.sling.commons.mime-2.1.8.jar:/home/pengwin/.m2/repository/org/apache/sling/org.apache.sling.commons.json/2.0.16/org.apache.sling.commons.json-2.0.16.jar:/home/pengwin/.m2/repository/org/apache/sling/org.apache.sling.commons.classloader/1.3.2/org.apache.sling.commons.classloader-1.3.2.jar:/home/pengwin/.m2/repository/org/apache/sling/org.apache.sling.settings/1.3.8/org.apache.sling.settings-1.3.8.jar:/home/pengwin/.m2/repository/org/apache/sling/org.apache.sling.i18n/2.4.4/org.apache.sling.i18n-2.4.4.jar:/home/pengwin/.m2/repository/org/apache/sling/org.apache.sling.models.impl/1.2.2/org.apache.sling.models.impl-1.2.2.jar:/home/pengwin/.m2/repository/commons-beanutils/commons-beanutils/1.8.3/commons-beanutils-1.8.3.jar:/home/pengwin/.m2/repository/commons-logging/commons-logging/1.1.1/commons-logging-1.1.1.jar:/home/pengwin/.m2/repository/org/apache/jackrabbit/oak-jcr/1.4.1/oak-jcr-1.4.1.jar:/home/pengwin/.m2/repository/org/apache/jackrabbit/oak-core/1.4.1/oak-core-1.4.1.jar:/home/pengwin/.m2/repository/org/apache/jackrabbit/oak-blob/1.4.1/oak-blob-1.4.1.jar:/home/pengwin/.m2/repository/commons-codec/commons-codec/1.5/commons-codec-1.5.jar:/home/pengwin/.m2/repository/org/apache/jackrabbit/oak-segment/1.4.1/oak-segment-1.4.1.jar:/home/pengwin/.m2/repository/org/apache/jackrabbit/oak-commons/1.4.1/oak-commons-1.4.1.jar:/home/pengwin/.m2/repository/org/apache/jackrabbit/jackrabbit-api/2.12.1/jackrabbit-api-2.12.1.jar:/home/pengwin/.m2/repository/org/apache/sling/org.apache.sling.testing.jcr-mock/1.4.4/org.apache.sling.testing.jcr-mock-1.4.4.jar:/home/pengwin/.m2/repository/org/apache/sling/org.apache.sling.testing.osgi-mock.core/2.4.8/org.apache.sling.testing.osgi-mock.core-2.4.8.jar:/home/pengwin/.m2/repository/commons-io/commons-io/2.4/commons-io-2.4.jar:/home/pengwin/.m2/repository/org/reflections/reflections/0.9.9/reflections-0.9.9.jar:/home/pengwin/.m2/repository/org/javassist/javassist/3.18.2-GA/javassist-3.18.2-GA.jar:/home/pengwin/.m2/repository/org/apache/sling/org.apache.sling.testing.sling-mock.core/2.3.14/org.apache.sling.testing.sling-mock.core-2.3.14.jar:/home/pengwin/.m2/repository/org/apache/sling/org.apache.sling.scripting.api/2.1.8/org.apache.sling.scripting.api-2.1.8.jar:/home/pengwin/.m2/repository/org/apache/sling/org.apache.sling.scripting.core/2.0.36/org.apache.sling.scripting.core-2.0.36.jar:/home/pengwin/.m2/repository/org/apache/sling/org.apache.sling.jcr.contentparser/1.2.6/org.apache.sling.jcr.contentparser-1.2.6.jar:/home/pengwin/.m2/repository/org/apache/jackrabbit/vault/org.apache.jackrabbit.vault/3.1.18/org.apache.jackrabbit.vault-3.1.18.jar:/home/pengwin/.m2/repository/org/apache/johnzon/johnzon-core/1.0.0/johnzon-core-1.0.0.jar:/home/pengwin/.m2/repository/org/apache/sling/org.apache.sling.adapter/2.1.6/org.apache.sling.adapter-2.1.6.jar:/home/pengwin/.m2/repository/org/apache/sling/org.apache.sling.resourcebuilder/1.0.4/org.apache.sling.resourcebuilder-1.0.4.jar:/home/pengwin/.m2/repository/commons-collections/commons-collections/3.2.2/commons-collections-3.2.2.jar:/home/pengwin/.m2/repository/commons-lang/commons-lang/2.5/commons-lang-2.5.jar:/home/pengwin/.m2/repository/org/apache/geronimo/specs/geronimo-atinject_1.0_spec/1.0/geronimo-atinject_1.0_spec-1.0.jar:/home/pengwin/.m2/repository/org/apache/geronimo/specs/geronimo-json_1.1_spec/1.0/geronimo-json_1.1_spec-1.0.jar:/home/pengwin/.m2/repository/org/apache/sling/org.apache.sling.testing.resourceresolver-mock/1.1.24/org.apache.sling.testing.resourceresolver-mock-1.1.24.jar:/home/pengwin/.m2/repository/org/apache/sling/org.apache.sling.servlet-helpers/1.2.0/org.apache.sling.servlet-helpers-1.2.0.jar:/home/pengwin/.m2/repository/org/apache/commons/commons-imaging/1.0-R1534292/commons-imaging-1.0-R1534292.jar:/home/pengwin/.m2/repository/javax/servlet/jsp/jsp-api/2.1/jsp-api-2.1.jar:/home/pengwin/.m2/repository/com/day/commons/day-commons-gfx/2.1.28/day-commons-gfx-2.1.28.jar:/home/pengwin/.m2/repository/com/day/commons/day-commons-any/2.0.0/day-commons-any-2.0.0.jar:/home/pengwin/.m2/repository/com/day/commons/day-commons-text/1.1.3/day-commons-text-1.1.3.jar:/home/pengwin/.m2/repository/uk/org/lidalia/slf4j-test/1.0.1/slf4j-test-1.0.1.jar:/home/pengwin/.m2/repository/uk/org/lidalia/lidalia-lang/1.0.0/lidalia-lang-1.0.0.jar:/home/pengwin/.m2/repository/org/apache/commons/commons-lang3/3.1/commons-lang3-3.1.jar:/home/pengwin/.m2/repository/com/google/guava/guava/14.0.1/guava-14.0.1.jar:/home/pengwin/.m2/repository/uk/org/lidalia/lidalia-slf4j-ext/1.0.0/lidalia-slf4j-ext-1.0.0.jar:/home/pengwin/.m2/repository/joda-time/joda-time/2.2/joda-time-2.2.jar:/home/pengwin/.m2/repository/org/apache/maven/surefire/surefire-junit-platform/2.22.1/surefire-junit-platform-2.22.1.jar:/home/pengwin/.m2/repository/org/junit/platform/junit-platform-launcher/1.3.1/junit-platform-launcher-1.3.1.jar"/>
    <property name="java.vm.vendor" value="Debian"/>
    <property name="sun.arch.data.model" value="64"/>
    <property name="java.vendor.url" value="http://java.oracle.com/"/>
    <property name="user.timezone" value=""/>
    <property name="java.vm.specification.version" value="1.8"/>
    <property name="os.name" value="Linux"/>
    <property name="user.country" value="US"/>
    <property name="sun.java.launcher" value="SUN_STANDARD"/>
    <property name="sun.boot.library.path" value="/usr/lib/jvm/java-8-openjdk-amd64/jre/lib/amd64"/>
    <property name="sun.java.command" value="org.apache.maven.surefire.booter.ForkedBooter /mnt/c/Users/nosasaki/dev/work/0723/aem-guides-wknd/core/target/surefire 2020-07-23T18-27-53_767-jvmRun1 surefire7185974820126806585tmp surefire_06767583352392598696tmp"/>
    <property name="surefire.test.class.path" value="/mnt/c/Users/nosasaki/dev/work/0723/aem-guides-wknd/core/target/test-classes:/mnt/c/Users/nosasaki/dev/work/0723/aem-guides-wknd/core/target/classes:/home/pengwin/.m2/repository/org/osgi/org.osgi.annotation.versioning/1.1.0/org.osgi.annotation.versioning-1.1.0.jar:/home/pengwin/.m2/repository/org/osgi/org.osgi.annotation.bundle/1.0.0/org.osgi.annotation.bundle-1.0.0.jar:/home/pengwin/.m2/repository/org/osgi/org.osgi.service.metatype.annotations/1.4.0/org.osgi.service.metatype.annotations-1.4.0.jar:/home/pengwin/.m2/repository/org/osgi/org.osgi.service.component.annotations/1.4.0/org.osgi.service.component.annotations-1.4.0.jar:/home/pengwin/.m2/repository/org/osgi/org.osgi.service.component/1.4.0/org.osgi.service.component-1.4.0.jar:/home/pengwin/.m2/repository/org/osgi/org.osgi.service.cm/1.6.0/org.osgi.service.cm-1.6.0.jar:/home/pengwin/.m2/repository/org/osgi/org.osgi.service.event/1.3.1/org.osgi.service.event-1.3.1.jar:/home/pengwin/.m2/repository/org/osgi/org.osgi.service.log/1.4.0/org.osgi.service.log-1.4.0.jar:/home/pengwin/.m2/repository/org/osgi/org.osgi.framework/1.9.0/org.osgi.framework-1.9.0.jar:/home/pengwin/.m2/repository/org/osgi/org.osgi.resource/1.0.0/org.osgi.resource-1.0.0.jar:/home/pengwin/.m2/repository/org/slf4j/slf4j-api/1.7.21/slf4j-api-1.7.21.jar:/home/pengwin/.m2/repository/javax/jcr/jcr/2.0/jcr-2.0.jar:/home/pengwin/.m2/repository/javax/servlet/javax.servlet-api/3.1.0/javax.servlet-api-3.1.0.jar:/home/pengwin/.m2/repository/javax/annotation/javax.annotation-api/1.3.2/javax.annotation-api-1.3.2.jar:/home/pengwin/.m2/repository/com/adobe/aem/uber-jar/6.5.0/uber-jar-6.5.0-apis.jar:/home/pengwin/.m2/repository/org/apache/sling/org.apache.sling.models.api/1.3.6/org.apache.sling.models.api-1.3.6.jar:/home/pengwin/.m2/repository/org/junit/jupiter/junit-jupiter/5.4.1/junit-jupiter-5.4.1.jar:/home/pengwin/.m2/repository/org/junit/jupiter/junit-jupiter-api/5.4.1/junit-jupiter-api-5.4.1.jar:/home/pengwin/.m2/repository/org/apiguardian/apiguardian-api/1.0.0/apiguardian-api-1.0.0.jar:/home/pengwin/.m2/repository/org/opentest4j/opentest4j/1.1.1/opentest4j-1.1.1.jar:/home/pengwin/.m2/repository/org/junit/platform/junit-platform-commons/1.4.1/junit-platform-commons-1.4.1.jar:/home/pengwin/.m2/repository/org/junit/jupiter/junit-jupiter-params/5.4.1/junit-jupiter-params-5.4.1.jar:/home/pengwin/.m2/repository/org/junit/jupiter/junit-jupiter-engine/5.4.1/junit-jupiter-engine-5.4.1.jar:/home/pengwin/.m2/repository/org/junit/platform/junit-platform-engine/1.4.1/junit-platform-engine-1.4.1.jar:/home/pengwin/.m2/repository/org/mockito/mockito-core/2.25.1/mockito-core-2.25.1.jar:/home/pengwin/.m2/repository/net/bytebuddy/byte-buddy/1.9.7/byte-buddy-1.9.7.jar:/home/pengwin/.m2/repository/net/bytebuddy/byte-buddy-agent/1.9.7/byte-buddy-agent-1.9.7.jar:/home/pengwin/.m2/repository/org/objenesis/objenesis/2.6/objenesis-2.6.jar:/home/pengwin/.m2/repository/org/mockito/mockito-junit-jupiter/2.25.1/mockito-junit-jupiter-2.25.1.jar:/home/pengwin/.m2/repository/junit-addons/junit-addons/1.4/junit-addons-1.4.jar:/home/pengwin/.m2/repository/junit/junit/3.8.1/junit-3.8.1.jar:/home/pengwin/.m2/repository/xerces/xercesImpl/2.6.2/xercesImpl-2.6.2.jar:/home/pengwin/.m2/repository/xerces/xmlParserAPIs/2.6.2/xmlParserAPIs-2.6.2.jar:/home/pengwin/.m2/repository/io/wcm/io.wcm.testing.aem-mock.junit5/2.5.2/io.wcm.testing.aem-mock.junit5-2.5.2.jar:/home/pengwin/.m2/repository/io/wcm/io.wcm.testing.aem-mock.core/2.5.2/io.wcm.testing.aem-mock.core-2.5.2.jar:/home/pengwin/.m2/repository/org/apache/sling/org.apache.sling.api/2.11.0/org.apache.sling.api-2.11.0.jar:/home/pengwin/.m2/repository/org/apache/jackrabbit/jackrabbit-jcr-commons/2.12.1/jackrabbit-jcr-commons-2.12.1.jar:/home/pengwin/.m2/repository/org/apache/sling/org.apache.sling.commons.osgi/2.4.0/org.apache.sling.commons.osgi-2.4.0.jar:/home/pengwin/.m2/repository/org/apache/sling/org.apache.sling.resourceresolver/1.4.8/org.apache.sling.resourceresolver-1.4.8.jar:/home/pengwin/.m2/repository/org/apache/sling/org.apache.sling.serviceusermapper/1.2.2/org.apache.sling.serviceusermapper-1.2.2.jar:/home/pengwin/.m2/repository/org/apache/sling/org.apache.sling.jcr.api/2.3.0/org.apache.sling.jcr.api-2.3.0.jar:/home/pengwin/.m2/repository/org/apache/sling/org.apache.sling.jcr.resource/2.7.4/org.apache.sling.jcr.resource-2.7.4.jar:/home/pengwin/.m2/repository/org/apache/sling/org.apache.sling.commons.mime/2.1.8/org.apache.sling.commons.mime-2.1.8.jar:/home/pengwin/.m2/repository/org/apache/sling/org.apache.sling.commons.json/2.0.16/org.apache.sling.commons.json-2.0.16.jar:/home/pengwin/.m2/repository/org/apache/sling/org.apache.sling.commons.classloader/1.3.2/org.apache.sling.commons.classloader-1.3.2.jar:/home/pengwin/.m2/repository/org/apache/sling/org.apache.sling.settings/1.3.8/org.apache.sling.settings-1.3.8.jar:/home/pengwin/.m2/repository/org/apache/sling/org.apache.sling.i18n/2.4.4/org.apache.sling.i18n-2.4.4.jar:/home/pengwin/.m2/repository/org/apache/sling/org.apache.sling.models.impl/1.2.2/org.apache.sling.models.impl-1.2.2.jar:/home/pengwin/.m2/repository/commons-beanutils/commons-beanutils/1.8.3/commons-beanutils-1.8.3.jar:/home/pengwin/.m2/repository/commons-logging/commons-logging/1.1.1/commons-logging-1.1.1.jar:/home/pengwin/.m2/repository/org/apache/jackrabbit/oak-jcr/1.4.1/oak-jcr-1.4.1.jar:/home/pengwin/.m2/repository/org/apache/jackrabbit/oak-core/1.4.1/oak-core-1.4.1.jar:/home/pengwin/.m2/repository/org/apache/jackrabbit/oak-blob/1.4.1/oak-blob-1.4.1.jar:/home/pengwin/.m2/repository/commons-codec/commons-codec/1.5/commons-codec-1.5.jar:/home/pengwin/.m2/repository/org/apache/jackrabbit/oak-segment/1.4.1/oak-segment-1.4.1.jar:/home/pengwin/.m2/repository/org/apache/jackrabbit/oak-commons/1.4.1/oak-commons-1.4.1.jar:/home/pengwin/.m2/repository/org/apache/jackrabbit/jackrabbit-api/2.12.1/jackrabbit-api-2.12.1.jar:/home/pengwin/.m2/repository/org/apache/sling/org.apache.sling.testing.jcr-mock/1.4.4/org.apache.sling.testing.jcr-mock-1.4.4.jar:/home/pengwin/.m2/repository/org/apache/sling/org.apache.sling.testing.osgi-mock.core/2.4.8/org.apache.sling.testing.osgi-mock.core-2.4.8.jar:/home/pengwin/.m2/repository/commons-io/commons-io/2.4/commons-io-2.4.jar:/home/pengwin/.m2/repository/org/reflections/reflections/0.9.9/reflections-0.9.9.jar:/home/pengwin/.m2/repository/org/javassist/javassist/3.18.2-GA/javassist-3.18.2-GA.jar:/home/pengwin/.m2/repository/org/apache/sling/org.apache.sling.testing.sling-mock.core/2.3.14/org.apache.sling.testing.sling-mock.core-2.3.14.jar:/home/pengwin/.m2/repository/org/apache/sling/org.apache.sling.scripting.api/2.1.8/org.apache.sling.scripting.api-2.1.8.jar:/home/pengwin/.m2/repository/org/apache/sling/org.apache.sling.scripting.core/2.0.36/org.apache.sling.scripting.core-2.0.36.jar:/home/pengwin/.m2/repository/org/apache/sling/org.apache.sling.jcr.contentparser/1.2.6/org.apache.sling.jcr.contentparser-1.2.6.jar:/home/pengwin/.m2/repository/org/apache/jackrabbit/vault/org.apache.jackrabbit.vault/3.1.18/org.apache.jackrabbit.vault-3.1.18.jar:/home/pengwin/.m2/repository/org/apache/johnzon/johnzon-core/1.0.0/johnzon-core-1.0.0.jar:/home/pengwin/.m2/repository/org/apache/sling/org.apache.sling.adapter/2.1.6/org.apache.sling.adapter-2.1.6.jar:/home/pengwin/.m2/repository/org/apache/sling/org.apache.sling.resourcebuilder/1.0.4/org.apache.sling.resourcebuilder-1.0.4.jar:/home/pengwin/.m2/repository/commons-collections/commons-collections/3.2.2/commons-collections-3.2.2.jar:/home/pengwin/.m2/repository/commons-lang/commons-lang/2.5/commons-lang-2.5.jar:/home/pengwin/.m2/repository/org/apache/geronimo/specs/geronimo-atinject_1.0_spec/1.0/geronimo-atinject_1.0_spec-1.0.jar:/home/pengwin/.m2/repository/org/apache/geronimo/specs/geronimo-json_1.1_spec/1.0/geronimo-json_1.1_spec-1.0.jar:/home/pengwin/.m2/repository/org/apache/sling/org.apache.sling.testing.resourceresolver-mock/1.1.24/org.apache.sling.testing.resourceresolver-mock-1.1.24.jar:/home/pengwin/.m2/repository/org/apache/sling/org.apache.sling.servlet-helpers/1.2.0/org.apache.sling.servlet-helpers-1.2.0.jar:/home/pengwin/.m2/repository/org/apache/commons/commons-imaging/1.0-R1534292/commons-imaging-1.0-R1534292.jar:/home/pengwin/.m2/repository/javax/servlet/jsp/jsp-api/2.1/jsp-api-2.1.jar:/home/pengwin/.m2/repository/com/day/commons/day-commons-gfx/2.1.28/day-commons-gfx-2.1.28.jar:/home/pengwin/.m2/repository/com/day/commons/day-commons-any/2.0.0/day-commons-any-2.0.0.jar:/home/pengwin/.m2/repository/com/day/commons/day-commons-text/1.1.3/day-commons-text-1.1.3.jar:/home/pengwin/.m2/repository/uk/org/lidalia/slf4j-test/1.0.1/slf4j-test-1.0.1.jar:/home/pengwin/.m2/repository/uk/org/lidalia/lidalia-lang/1.0.0/lidalia-lang-1.0.0.jar:/home/pengwin/.m2/repository/org/apache/commons/commons-lang3/3.1/commons-lang3-3.1.jar:/home/pengwin/.m2/repository/com/google/guava/guava/14.0.1/guava-14.0.1.jar:/home/pengwin/.m2/repository/uk/org/lidalia/lidalia-slf4j-ext/1.0.0/lidalia-slf4j-ext-1.0.0.jar:/home/pengwin/.m2/repository/joda-time/joda-time/2.2/joda-time-2.2.jar:"/>
    <property name="sun.cpu.endian" value="little"/>
    <property name="user.home" value="/home/pengwin"/>
    <property name="user.language" value="en"/>
    <property name="java.specification.vendor" value="Oracle Corporation"/>
    <property name="java.home" value="/usr/lib/jvm/java-8-openjdk-amd64/jre"/>
    <property name="basedir" value="/mnt/c/Users/nosasaki/dev/work/0723/aem-guides-wknd/core"/>
    <property name="file.separator" value="/"/>
    <property name="line.separator" value="&#10;"/>
    <property name="java.vm.specification.vendor" value="Oracle Corporation"/>
    <property name="java.specification.name" value="Java Platform API Specification"/>
    <property name="java.awt.graphicsenv" value="sun.awt.X11GraphicsEnvironment"/>
    <property name="sun.boot.class.path" value="/usr/lib/jvm/java-8-openjdk-amd64/jre/lib/resources.jar:/usr/lib/jvm/java-8-openjdk-amd64/jre/lib/rt.jar:/usr/lib/jvm/java-8-openjdk-amd64/jre/lib/sunrsasign.jar:/usr/lib/jvm/java-8-openjdk-amd64/jre/lib/jsse.jar:/usr/lib/jvm/java-8-openjdk-amd64/jre/lib/jce.jar:/usr/lib/jvm/java-8-openjdk-amd64/jre/lib/charsets.jar:/usr/lib/jvm/java-8-openjdk-amd64/jre/lib/jfr.jar:/usr/lib/jvm/java-8-openjdk-amd64/jre/classes"/>
    <property name="sun.management.compiler" value="HotSpot 64-Bit Tiered Compilers"/>
    <property name="java.runtime.version" value="1.8.0_252-8u252-b09-1-b09"/>
    <property name="user.name" value="pengwin"/>
    <property name="path.separator" value=":"/>
    <property name="os.version" value="4.4.0-18362-Microsoft"/>
    <property name="java.endorsed.dirs" value="/usr/lib/jvm/java-8-openjdk-amd64/jre/lib/endorsed"/>
    <property name="java.runtime.name" value="OpenJDK Runtime Environment"/>
    <property name="file.encoding" value="UTF-8"/>
    <property name="java.vm.name" value="OpenJDK 64-Bit Server VM"/>
    <property name="localRepository" value="/home/pengwin/.m2/repository"/>
    <property name="java.vendor.url.bug" value="http://bugreport.sun.com/bugreport/"/>
    <property name="java.io.tmpdir" value="/tmp"/>
    <property name="java.version" value="1.8.0_252"/>
    <property name="user.dir" value="/mnt/c/Users/nosasaki/dev/work/0723/aem-guides-wknd/core"/>
    <property name="os.arch" value="amd64"/>
    <property name="java.vm.specification.name" value="Java Virtual Machine Specification"/>
    <property name="java.awt.printerjob" value="sun.print.PSPrinterJob"/>
    <property name="sun.os.patch.level" value="unknown"/>
    <property name="java.library.path" value="/usr/java/packages/lib/amd64:/usr/lib/x86_64-linux-gnu/jni:/lib/x86_64-linux-gnu:/usr/lib/x86_64-linux-gnu:/usr/lib/jni:/lib:/usr/lib"/>
    <property name="java.vm.info" value="mixed mode"/>
    <property name="java.vendor" value="Debian"/>
    <property name="java.vm.version" value="25.252-b09"/>
    <property name="java.ext.dirs" value="/usr/lib/jvm/java-8-openjdk-amd64/jre/lib/ext:/usr/java/packages/lib/ext"/>
    <property name="sun.io.unicode.encoding" value="UnicodeLittle"/>
    <property name="java.class.version" value="52.0"/>
  </properties>
  <testcase name="doFilter{AemContext}" classname="com.adobe.aem.guides.wknd.core.filters.LoggingFilterTest" time="5.201"/>
</testsuite>